<?xml version="1.0" encoding="UTF-8"?>
<!-- Generated by org.testng.reporters.JUnitReportReporter -->
<testsuite hostname="IBM-D65HY04" failures="0" tests="1" name="activities.Activity2" time="5.639" errors="0" timestamp="2025-01-29T09:53:06 IST" skipped="0">
  <testcase classname="activities.Activity2" name="chromeTest" time="5.639"/>
</testsuite> <!-- activities.Activity2 -->
