<?xml version="1.0" encoding="UTF-8"?>
<!-- Generated by org.testng.reporters.JUnitReportReporter -->
<testsuite hostname="IBM-D65HY04" failures="0" tests="1" name="projects.Activity1" time="15.621" errors="0" timestamp="2025-01-31T09:53:26 IST" skipped="0">
  <testcase classname="projects.Activity1" name="testAddTasks" time="15.621"/>
</testsuite> <!-- projects.Activity1 -->
