<?xml version="1.0" encoding="UTF-8"?>
<!-- Generated by org.testng.reporters.JUnitReportReporter -->
<testsuite hostname="IBM-D65HY04" failures="0" tests="1" name="Activities.Activity3" time="0.581" errors="0" timestamp="2025-02-16T11:36:04 IST" skipped="0">
  <testcase classname="Activities.Activity3" name="loginTest" time="0.581"/>
</testsuite> <!-- Activities.Activity3 -->
