<?xml version="1.0" encoding="UTF-8"?>
<!-- Generated by org.testng.reporters.JUnitReportReporter -->
<testsuite hostname="IBM-D65HY04" failures="0" tests="1" name="Demo.TestCalculator" time="0.012" errors="0" timestamp="2025-01-09T09:26:57 IST" skipped="0">
  <testcase classname="Demo.TestCalculator" name="test" time="0.012"/>
</testsuite> <!-- Demo.TestCalculator -->
