<?xml version="1.0" encoding="UTF-8"?>
<!-- Generated by org.testng.reporters.JUnitReportReporter -->
<testsuite hostname="IBM-D65HY04" failures="0" tests="2" name="Activities.Activity1" time="0.332" errors="0" timestamp="2025-02-16T11:35:29 IST" skipped="0">
  <testcase classname="Activities.Activity1" name="Title" time="0.312"/>
  <testcase classname="Activities.Activity1" name="aboutPageTest" time="0.020"/>
</testsuite> <!-- Activities.Activity1 -->
