<?xml version="1.0" encoding="UTF-8"?>
<!-- Generated by org.testng.reporters.JUnitReportReporter -->
<testsuite hostname="IBM-D65HY04" failures="0" tests="2" name="suiteExample.DemoOne" time="0.008" errors="0" timestamp="2025-02-16T11:40:56 IST" skipped="0">
  <testcase classname="suiteExample.DemoOne" name="secondTestCase" time="0.002"/>
  <testcase classname="suiteExample.DemoOne" name="firstTestCase" time="0.006"/>
</testsuite> <!-- suiteExample.DemoOne -->
