<?xml version="1.0" encoding="UTF-8"?>
<!-- Generated by org.testng.reporters.JUnitReportReporter -->
<testsuite hostname="IBM-D65HY04" failures="0" tests="1" name="suiteExample.DemoTwo" time="0.002" errors="0" timestamp="2025-02-16T11:40:56 IST" skipped="0">
  <testcase classname="suiteExample.DemoTwo" name="TestCase" time="0.002"/>
</testsuite> <!-- suiteExample.DemoTwo -->
