<?xml version="1.0" encoding="UTF-8"?>
<!-- Generated by org.testng.reporters.JUnitReportReporter -->
<testsuite hostname="IBM-D65HY04" failures="0" tests="3" name="Activities.Activity9" time="0.547" errors="0" timestamp="2025-02-19T19:21:29 IST" skipped="0">
  <testcase classname="Activities.Activity9" name="simpleAlertTestCase" time="0.232">
    <system-out>
      <![CDATA[simpleAlertTestCase() started |
Simple Alert opened |
Switched foucs to alert |
Alert text is: You've just triggered a simple alert! |
Alert closed
Test case ended |]]>
    </system-out>
  </testcase> <!-- simpleAlertTestCase -->
  <testcase classname="Activities.Activity9" name="confirmAlertTestCase" time="0.137">
    <system-out>
      <![CDATA[confirmAlertTestCase() started |
Confirm Alert opened |
Switched foucs to alert |
Alert text is: You've just triggered a confirmation alert! |
Alert closed |
Test case ended |]]>
    </system-out>
  </testcase> <!-- confirmAlertTestCase -->
  <testcase classname="Activities.Activity9" name="promptAlertTestCase" time="0.178">
    <system-out>
      <![CDATA[promptAlertTestCase() started |
Prompt Alert opened |
Switched foucs to alert |
Alert text is: I'm a Prompt! Type something into me! |
Text entered in prompt alert |
Alert closed |
Test case ended |]]>
    </system-out>
  </testcase> <!-- promptAlertTestCase -->
  <system-out>
    <![CDATA[Starting Test |
Opened Browser |
Page title is Selenium: Alerts |
Test Case Setup started |
simpleAlertTestCase() started |
Simple Alert opened |
Switched foucs to alert |
Alert text is: You've just triggered a simple alert! |
Alert closed
Test case ended |
Test Case Setup started |
confirmAlertTestCase() started |
Confirm Alert opened |
Switched foucs to alert |
Alert text is: You've just triggered a confirmation alert! |
Alert closed |
Test case ended |
Test Case Setup started |
promptAlertTestCase() started |
Prompt Alert opened |
Switched foucs to alert |
Alert text is: I'm a Prompt! Type something into me! |
Text entered in prompt alert |
Alert closed |
Test case ended |
Ending Test |]]>
  </system-out>
</testsuite> <!-- Activities.Activity9 -->
